2024-01-24 10:35:48,759 - dspy.primitives.assertions - ERROR - AssertionError: You need to create a valid python Assert primitive type for 
Assert_python_primitive_string
You will be penalized for not returning only a Assert for Assert_python_primitive_string
2024-01-24 10:36:00,019 - dspy.primitives.assertions - ERROR - AssertionError: You need to create a valid python Assert primitive type for 
Assert_python_primitive_string
You will be penalized for not returning only a Assert for Assert_python_primitive_string
2024-01-24 10:38:53,382 - dspy.primitives.assertions - ERROR - AssertionError: You need to create a valid python set primitive type for 
set_python_primitive_string
You will be penalized for not returning only a set for set_python_primitive_string
2024-01-24 10:39:14,656 - dspy.primitives.assertions - ERROR - AssertionError: You need to create a valid python set primitive type for 
set_python_primitive_string
You will be penalized for not returning only a set for set_python_primitive_string
2024-01-24 10:39:38,514 - dspy.primitives.assertions - ERROR - AssertionError: You need to create a valid python set primitive type for 
set_python_primitive_string
You will be penalized for not returning only a set for set_python_primitive_string
2024-01-24 10:44:50,239 - dspy.primitives.assertions - ERROR - AssertionError: You need to create a valid python set primitive type for 
set_python_primitive_string
You will be penalized for not returning only a set for set_python_primitive_string
2024-01-24 10:45:49,389 - dspy.primitives.assertions - ERROR - AssertionError: You need to create a valid python set primitive type for 
set_python_primitive_string
You will be penalized for not returning only a set for set_python_primitive_string
2024-01-24 10:46:13,339 - dspy.primitives.assertions - ERROR - AssertionError: You need to create a valid python set primitive type for 
set_python_primitive_string
You will be penalized for not returning only a set for set_python_primitive_string
2024-02-01 18:35:23,495 - dspy.primitives.assertions - ERROR - AssertionError: You need to create a kwargs dict for PydanticClassTemplateSpecificationModel
2024-02-01 18:35:23,496 - dspy.primitives.assertions - ERROR - AssertionError: You need to create a kwargs dict for PydanticClassTemplateSpecificationModel
2024-02-01 18:36:14,720 - dspy.primitives.assertions - ERROR - AssertionError: You need to create a kwargs dict for PydanticClassTemplateSpecificationModel
2024-02-01 18:36:14,721 - dspy.primitives.assertions - ERROR - AssertionError: You need to create a kwargs dict for PydanticClassTemplateSpecificationModel
2024-02-02 14:39:54,969 - dspy.primitives.assertions - ERROR - AssertionError: You need to create a kwargs dict for MetaTemplateSpecificationBaseModel

            Validation error:
malformed node or string on line 1: <ast.Name object at 0x1627059c0>
2024-02-02 14:39:54,971 - dspy.primitives.assertions - ERROR - AssertionError: You need to create a kwargs dict for MetaTemplateSpecificationBaseModel

            Validation error:
malformed node or string on line 1: <ast.Name object at 0x162718b80>
2024-02-02 17:21:00,921 - dspy.primitives.assertions - ERROR - AssertionError: You need to create a valid python list primitive type for 
list_str_for_ast_literal_eval
You will be penalized for not returning only a list for list_str_for_ast_literal_eval
2024-02-02 17:28:34,365 - dspy.primitives.assertions - ERROR - AssertionError: You need to create a valid python list primitive type for 
list_str_for_ast_literal_eval
You will be penalized for not returning only a list for list_str_for_ast_literal_eval
2024-02-02 17:33:18,794 - dspy.primitives.assertions - ERROR - AssertionError: You need to create a kwargs dict for RootModel

            Validation error:
malformed node or string on line 1: <ast.ListComp object at 0x15ce01750>
2024-02-02 17:33:18,795 - dspy.primitives.assertions - ERROR - AssertionError: You need to create a kwargs dict for RootModel

            Validation error:
malformed node or string on line 1: <ast.ListComp object at 0x15cea1480>
2024-02-02 17:56:38,280 - dspy.primitives.assertions - ERROR - AssertionError: You need to create a kwargs dict for PydanticClassTemplateSpecificationModel

            Validation error:
1 validation error for PydanticClassTemplateSpecificationModel
fields.3.default_value
  Input should be a valid string [type=string_type, input_value=1, input_type=int]
    For further information visit https://errors.pydantic.dev/2.5/v/string_type
2024-02-02 17:56:38,282 - dspy.primitives.assertions - ERROR - AssertionError: You need to create a kwargs dict for PydanticClassTemplateSpecificationModel

            Validation error:
1 validation error for PydanticClassTemplateSpecificationModel
fields.3.default_value
  Input should be a valid string [type=string_type, input_value=1, input_type=int]
    For further information visit https://errors.pydantic.dev/2.5/v/string_type
